<?xml version="1.0" encoding="UTF-8"?>
<!-- Generated by org.testng.reporters.JUnitReportReporter -->
<testsuite ignored="0" hostname="INLEN8520046734" failures="0" tests="2" name="com.app.tests.AppTests" time="119.112" errors="0" timestamp="09 Jan 2023 13:38:23 GMT" skipped="0">
  <testcase classname="com.app.tests.AppTests" name="Scenario4" time="64.382"/>
  <testcase classname="com.app.tests.AppTests" name="Scenario5" time="54.730"/>
</testsuite> <!-- com.app.tests.AppTests -->
